<?xml version="1.0" encoding="UTF-8"?>
<!-- Generated by org.testng.reporters.JUnitReportReporter -->
<testsuite skipped="0" hostname="DESKTOP-O6S8VEP" name="com.cybertek.automation_project.TabsWindowsExample" tests="1" failures="0" timestamp="07 Jul 2018 19:34:27 GMT" time="10.948" errors="0">
  <testcase name="switchToWindow" time="10.948" classname="com.cybertek.automation_project.TabsWindowsExample"/>
</testsuite> <!-- com.cybertek.automation_project.TabsWindowsExample -->
