<?xml version="1.0" encoding="UTF-8"?>
<!-- Generated by org.testng.reporters.JUnitReportReporter -->
<testsuite skipped="0" hostname="DESKTOP-O6S8VEP" name="com.cybertek.automation_project.PopupExamples" tests="1" failures="0" timestamp="01 Aug 2018 12:38:23 GMT" time="11.794" errors="0">
  <testcase name="alerts" time="11.794" classname="com.cybertek.automation_project.PopupExamples"/>
</testsuite> <!-- com.cybertek.automation_project.PopupExamples -->
