<?xml version="1.0" encoding="UTF-8"?>
<!-- Generated by org.testng.reporters.JUnitReportReporter -->
<testsuite skipped="0" hostname="DESKTOP-O6S8VEP" name="com.cybertek.automation_project.Links" tests="1" failures="0" timestamp="17 Sep 2018 17:14:30 GMT" time="4.756" errors="0">
  <testcase name="links" time="4.756" classname="com.cybertek.automation_project.Links"/>
</testsuite> <!-- com.cybertek.automation_project.Links -->
