<?xml version="1.0" encoding="UTF-8"?>
<!-- Generated by org.testng.reporters.JUnitReportReporter -->
<testsuite skipped="1" hostname="DESKTOP-O6S8VEP" name="pomdesign.WebOrderLoginTests" tests="3" failures="0" timestamp="08 Jul 2018 21:07:49 GMT" time="1.922" errors="0">
  <testcase name="invalidUsernameTest" time="1.168" classname="pomdesign.WebOrderLoginTests"/>
  <testcase name="positiveLoginUsingPOM" time="0.754" classname="pomdesign.WebOrderLoginTests"/>
  <testcase name="positiveloginTest" classname="pomdesign.WebOrderLoginTests">
    <skipped/>
  </testcase> <!-- positiveloginTest -->
</testsuite> <!-- pomdesign.WebOrderLoginTests -->
